Content-Type: text/plain; charset="utf-8"
MIME-Version: 1.0
Content-Transfer-Encoding: 8bit
Subject: 
 =?utf-8?b?0JLQvtGB0YHRgtCw0L3QvtCy0LvQtdC90LjQtSDQv9Cw0YDQvtC70Y8g0L3QsCA=?=
 =?utf-8?b?0YHQsNC50YLQtSAxMjcuMC4wLjE6ODAwMA==?=
From: webmaster@localhost
To: Nikitabw1337@gmail.com
Date: Thu, 01 Jan 2026 08:42:23 -0000
Message-ID: <176725694393.11416.3684646234669896897@sweetwater>



<!DOCTYPE html>
<html>
<head>
    <meta charset="UTF-8">
    <title>Восстановление пароля - Nilan Clothing</title>
</head>
<body style="font-family: Arial, sans-serif; line-height: 1.6; color: #333;">
    <div style="max-width: 600px; margin: 0 auto; padding: 20px;">
        <div style="text-align: center; margin-bottom: 30px;">
            <h1 style="color: #4ecdc4; margin-bottom: 10px;">Nilan Clothing</h1>
            <p style="color: #666; font-size: 18px;">Ваш Стиль. Ваши Правила.</p>
        </div>

        <div style="background: #f8f9fa; padding: 25px; border-radius: 10px; border-left: 4px solid #4ecdc4;">
            <h2 style="color: #333; margin-top: 0;">Здравствуйте!</h2>

            <p>Вы получили это письмо, потому что запросили восстановление пароля для вашего аккаунта на сайте <strong>Nilan Clothing</strong>.</p>

            <div style="background: white; padding: 15px; border-radius: 8px; margin: 20px 0; text-align: center;">
                <p style="margin: 0 0 15px 0; font-size: 14px; color: #666;">Для установки нового пароля нажмите на кнопку:</p>
                <a href="http://127.0.0.1:8000/password-reset-confirm/OA/d1qpan-fb626ec5e03dc8c342cf7c4f8f783b4f/"
                   style="display: inline-block; padding: 12px 30px; background: #4ecdc4; color: white; text-decoration: none; border-radius: 8px; font-weight: bold; font-size: 16px;">
                   🔐 Восстановить пароль
                </a>
            </div>

            <p style="font-size: 14px; color: #666; margin-top: 20px;">
                <strong>Ваше имя пользователя:</strong> sweetwater
            </p>

            <p style="font-size: 14px; color: #666;">
                <strong>Ссылка действительна в течение 24 часов.</strong>
            </p>

            <p style="font-size: 12px; color: #999; margin-top: 30px; border-top: 1px solid #eee; padding-top: 15px;">
                Если вы не запрашивали восстановление пароля, просто проигнорируйте это письмо.
            </p>
        </div>

        <div style="text-align: center; margin-top: 30px; padding-top: 20px; border-top: 1px solid #eee;">
            <p style="color: #666; font-size: 14px;">
                Спасибо за использование нашего сайта!<br>
                С уважением, команда <strong>Nilan Clothing</strong>
            </p>
            <p style="color: #999; font-size: 12px;">
                Это письмо отправлено автоматически. Пожалуйста, не отвечайте на него.
            </p>
        </div>
    </div>
</body>
</html>

-------------------------------------------------------------------------------
